Build started 3/18/2016 4:37:18 PM.
     1>Project "c:\Users\HP\documents\visual studio 2010\Projects\lect3-oop\lect3-oop\lect3-oop.vcxproj" on node 2 (build target(s)).
     1>InitializeBuildStatus:
         Touching "Debug\lect3-oop.unsuccessfulbuild".
       ClCompile:
         C:\Program Files (x86)\Microsoft Visual Studio 10.0\VC\bin\CL.exe /c /ZI /nologo /W3 /WX- /Od /Oy- /D WIN32 /D _DEBUG /D _CONSOLE /D _UNICODE /D UNICODE /Gm /EHsc /RTC1 /MDd /GS /fp:precise /Zc:wchar_t /Zc:forScope /Fo"Debug\\" /Fd"Debug\vc100.pdb" /Gd /TP /analyze- /errorReport:prompt "lect3-oop.cpp"
         lect3-oop.cpp
     1>c:\users\hp\documents\visual studio 2010\projects\lect3-oop\lect3-oop\lect3-oop.cpp(29): warning C4996: 'getch': The POSIX name for this item is deprecated. Instead, use the ISO C++ conformant name: _getch. See online help for details.
                 c:\program files (x86)\microsoft visual studio 10.0\vc\include\conio.h(128) : see declaration of 'getch'
       ManifestResourceCompile:
         All outputs are up-to-date.
       Link:
         C:\Program Files (x86)\Microsoft Visual Studio 10.0\VC\bin\link.exe /ERRORREPORT:PROMPT /OUT:"c:\users\hp\documents\visual studio 2010\Projects\lect3-oop\Debug\lect3-oop.exe" /INCREMENTAL /NOLOGO kernel32.lib user32.lib gdi32.lib winspool.lib comdlg32.lib advapi32.lib shell32.lib ole32.lib oleaut32.lib uuid.lib odbc32.lib odbccp32.lib /MANIFEST /ManifestFile:"Debug\lect3-oop.exe.intermediate.manifest" /MANIFESTUAC:"level='asInvoker' uiAccess='false'" /DEBUG /PDB:"c:\users\hp\documents\visual studio 2010\Projects\lect3-oop\Debug\lect3-oop.pdb" /SUBSYSTEM:CONSOLE /TLBID:1 /DYNAMICBASE /NXCOMPAT /IMPLIB:"c:\users\hp\documents\visual studio 2010\Projects\lect3-oop\Debug\lect3-oop.lib" /MACHINE:X86 "Debug\lect3-oop.exe.embed.manifest.res"
         "Debug\lect3-oop.obj"
       Manifest:
         C:\Program Files (x86)\Microsoft SDKs\Windows\v7.0A\bin\mt.exe /nologo /verbose /out:"Debug\lect3-oop.exe.embed.manifest" /manifest "Debug\lect3-oop.exe.intermediate.manifest"
         All outputs are up-to-date.
       LinkEmbedManifest:
         All outputs are up-to-date.
         lect3-oop.vcxproj -> c:\users\hp\documents\visual studio 2010\Projects\lect3-oop\Debug\lect3-oop.exe
       FinalizeBuildStatus:
         Deleting file "Debug\lect3-oop.unsuccessfulbuild".
         Touching "Debug\lect3-oop.lastbuildstate".
     1>Done Building Project "c:\Users\HP\documents\visual studio 2010\Projects\lect3-oop\lect3-oop\lect3-oop.vcxproj" (build target(s)).

Build succeeded.

Time Elapsed 00:00:01.04
