Build started 10/15/2016 9:39:51 PM.
     1>Project "c:\Users\Farjad\documents\visual studio 2010\Projects\farjad\farjad\farjad.vcxproj" on node 2 (build target(s)).
     1>InitializeBuildStatus:
         Creating "Debug\farjad.unsuccessfulbuild" because "AlwaysCreate" was specified.
       ClCompile:
         C:\Program Files (x86)\Microsoft Visual Studio 10.0\VC\bin\CL.exe /c /ZI /nologo /W3 /WX- /Od /Oy- /D WIN32 /D _DEBUG /D _CONSOLE /D _UNICODE /D UNICODE /Gm /EHsc /RTC1 /MDd /GS /fp:precise /Zc:wchar_t /Zc:forScope /Fo"Debug\\" /Fd"Debug\vc100.pdb" /Gd /TP /analyze- /errorReport:prompt main.cpp
         main.cpp
       ManifestResourceCompile:
         All outputs are up-to-date.
       Link:
         C:\Program Files (x86)\Microsoft Visual Studio 10.0\VC\bin\link.exe /ERRORREPORT:PROMPT /OUT:"c:\users\farjad\documents\visual studio 2010\Projects\farjad\Debug\farjad.exe" /INCREMENTAL /NOLOGO kernel32.lib user32.lib gdi32.lib winspool.lib comdlg32.lib advapi32.lib shell32.lib ole32.lib oleaut32.lib uuid.lib odbc32.lib odbccp32.lib /MANIFEST /ManifestFile:"Debug\farjad.exe.intermediate.manifest" /MANIFESTUAC:"level='asInvoker' uiAccess='false'" /DEBUG /PDB:"c:\users\farjad\documents\visual studio 2010\Projects\farjad\Debug\farjad.pdb" /SUBSYSTEM:CONSOLE /TLBID:1 /DYNAMICBASE /NXCOMPAT /IMPLIB:"c:\users\farjad\documents\visual studio 2010\Projects\farjad\Debug\farjad.lib" /MACHINE:X86 Debug\farjad.exe.embed.manifest.res
         Debug\main.obj
       Manifest:
         C:\Program Files (x86)\Microsoft SDKs\Windows\v7.0A\bin\mt.exe /nologo /verbose /out:"Debug\farjad.exe.embed.manifest" /manifest Debug\farjad.exe.intermediate.manifest
         All outputs are up-to-date.
       LinkEmbedManifest:
         All outputs are up-to-date.
         farjad.vcxproj -> c:\users\farjad\documents\visual studio 2010\Projects\farjad\Debug\farjad.exe
       FinalizeBuildStatus:
         Deleting file "Debug\farjad.unsuccessfulbuild".
         Touching "Debug\farjad.lastbuildstate".
     1>Done Building Project "c:\Users\Farjad\documents\visual studio 2010\Projects\farjad\farjad\farjad.vcxproj" (build target(s)).

Build succeeded.

Time Elapsed 00:00:01.08
