Build started 6/1/2016 6:37:31 AM.
     1>Project "C:\Users\HP\Documents\Visual Studio 2010\Projects\mypro\mypro\mypro.vcxproj" on node 2 (build target(s)).
     1>InitializeBuildStatus:
         Touching "Debug\mypro.unsuccessfulbuild".
       GenerateTargetFrameworkMonikerAttribute:
       Skipping target "GenerateTargetFrameworkMonikerAttribute" because all output files are up-to-date with respect to the input files.
       ClCompile:
         All outputs are up-to-date.
         All outputs are up-to-date.
         All outputs are up-to-date.
       CoreResGen:
         No resources are out of date with respect to their source files. Skipping resource generation.
       ResourceCompile:
         All outputs are up-to-date.
       Link:
         All outputs are up-to-date.
         mypro.vcxproj -> C:\Users\HP\Documents\Visual Studio 2010\Projects\mypro\Debug\mypro.exe
       FinalizeBuildStatus:
         Deleting file "Debug\mypro.unsuccessfulbuild".
         Touching "Debug\mypro.lastbuildstate".
     1>Done Building Project "C:\Users\HP\Documents\Visual Studio 2010\Projects\mypro\mypro\mypro.vcxproj" (build target(s)).

Build succeeded.

Time Elapsed 00:00:00.17
