Build started 5/27/2016 10:18:38 AM.
     1>Project "c:\Users\HP\documents\visual studio 2010\Projects\ascending\ascending\ascending.vcxproj" on node 2 (build target(s)).
     1>PrepareForBuild:
         Creating directory "c:\users\hp\documents\visual studio 2010\Projects\ascending\Debug\".
       InitializeBuildStatus:
         Creating "Debug\ascending.unsuccessfulbuild" because "AlwaysCreate" was specified.
       ClCompile:
         c:\Program Files (x86)\Microsoft Visual Studio 10.0\VC\bin\CL.exe /c /ZI /nologo /W3 /WX- /Od /Oy- /D WIN32 /D _DEBUG /D _CONSOLE /D _UNICODE /D UNICODE /Gm /EHsc /RTC1 /MDd /GS /fp:precise /Zc:wchar_t /Zc:forScope /Fo"Debug\\" /Fd"Debug\vc100.pdb" /Gd /TP /analyze- /errorReport:prompt main.cpp
         main.cpp
     1>c:\users\hp\documents\visual studio 2010\projects\ascending\ascending\main.cpp(36): warning C4996: 'getch': The POSIX name for this item is deprecated. Instead, use the ISO C++ conformant name: _getch. See online help for details.
                 c:\program files (x86)\microsoft visual studio 10.0\vc\include\conio.h(128) : see declaration of 'getch'
       ManifestResourceCompile:
         c:\Program Files (x86)\Microsoft SDKs\Windows\v7.0A\bin\rc.exe /nologo /fo"Debug\ascending.exe.embed.manifest.res" Debug\ascending_manifest.rc 
       Link:
         c:\Program Files (x86)\Microsoft Visual Studio 10.0\VC\bin\link.exe /ERRORREPORT:PROMPT /OUT:"c:\users\hp\documents\visual studio 2010\Projects\ascending\Debug\ascending.exe" /INCREMENTAL /NOLOGO kernel32.lib user32.lib gdi32.lib winspool.lib comdlg32.lib advapi32.lib shell32.lib ole32.lib oleaut32.lib uuid.lib odbc32.lib odbccp32.lib /MANIFEST /ManifestFile:"Debug\ascending.exe.intermediate.manifest" /MANIFESTUAC:"level='asInvoker' uiAccess='false'" /DEBUG /PDB:"c:\users\hp\documents\visual studio 2010\Projects\ascending\Debug\ascending.pdb" /SUBSYSTEM:CONSOLE /TLBID:1 /DYNAMICBASE /NXCOMPAT /IMPLIB:"c:\users\hp\documents\visual studio 2010\Projects\ascending\Debug\ascending.lib" /MACHINE:X86 Debug\ascending.exe.embed.manifest.res
         Debug\main.obj
       Manifest:
         c:\Program Files (x86)\Microsoft SDKs\Windows\v7.0A\bin\mt.exe /nologo /verbose /out:"Debug\ascending.exe.embed.manifest" /manifest Debug\ascending.exe.intermediate.manifest
         c:\Program Files (x86)\Microsoft SDKs\Windows\v7.0A\bin\rc.exe /nologo /fo"Debug\ascending.exe.embed.manifest.res" Debug\ascending_manifest.rc 
       LinkEmbedManifest:
         c:\Program Files (x86)\Microsoft Visual Studio 10.0\VC\bin\link.exe /ERRORREPORT:PROMPT /OUT:"c:\users\hp\documents\visual studio 2010\Projects\ascending\Debug\ascending.exe" /INCREMENTAL /NOLOGO kernel32.lib user32.lib gdi32.lib winspool.lib comdlg32.lib advapi32.lib shell32.lib ole32.lib oleaut32.lib uuid.lib odbc32.lib odbccp32.lib /MANIFEST /ManifestFile:"Debug\ascending.exe.intermediate.manifest" /MANIFESTUAC:"level='asInvoker' uiAccess='false'" /DEBUG /PDB:"c:\users\hp\documents\visual studio 2010\Projects\ascending\Debug\ascending.pdb" /SUBSYSTEM:CONSOLE /TLBID:1 /DYNAMICBASE /NXCOMPAT /IMPLIB:"c:\users\hp\documents\visual studio 2010\Projects\ascending\Debug\ascending.lib" /MACHINE:X86 Debug\ascending.exe.embed.manifest.res
         Debug\main.obj
         ascending.vcxproj -> c:\users\hp\documents\visual studio 2010\Projects\ascending\Debug\ascending.exe
       FinalizeBuildStatus:
         Deleting file "Debug\ascending.unsuccessfulbuild".
         Touching "Debug\ascending.lastbuildstate".
     1>Done Building Project "c:\Users\HP\documents\visual studio 2010\Projects\ascending\ascending\ascending.vcxproj" (build target(s)).

Build succeeded.

Time Elapsed 00:00:01.28
