Build started 6/30/2016 12:34:18 AM.
     1>Project "c:\Users\HP\documents\visual studio 2010\Projects\p8\p8\p8.vcxproj" on node 2 (build target(s)).
     1>InitializeBuildStatus:
         Creating "Debug\p8.unsuccessfulbuild" because "AlwaysCreate" was specified.
       ClCompile:
         c:\Program Files (x86)\Microsoft Visual Studio 10.0\VC\bin\CL.exe /c /ZI /nologo /W3 /WX- /Od /Oy- /D WIN32 /D _DEBUG /D _CONSOLE /D _UNICODE /D UNICODE /Gm /EHsc /RTC1 /MDd /GS /fp:precise /Zc:wchar_t /Zc:forScope /Fo"Debug\\" /Fd"Debug\vc100.pdb" /Gd /TP /analyze- /errorReport:prompt main.cpp
         main.cpp
     1>c:\users\hp\documents\visual studio 2010\projects\p8\p8\main.cpp(28): warning C4620: no postfix form of 'operator ++' found for type 'inc', using prefix form
                 c:\users\hp\documents\visual studio 2010\projects\p8\p8\main.cpp(4) : see declaration of 'inc'
       ManifestResourceCompile:
         All outputs are up-to-date.
       Link:
         c:\Program Files (x86)\Microsoft Visual Studio 10.0\VC\bin\link.exe /ERRORREPORT:PROMPT /OUT:"c:\users\hp\documents\visual studio 2010\Projects\p8\Debug\p8.exe" /INCREMENTAL /NOLOGO kernel32.lib user32.lib gdi32.lib winspool.lib comdlg32.lib advapi32.lib shell32.lib ole32.lib oleaut32.lib uuid.lib odbc32.lib odbccp32.lib /MANIFEST /ManifestFile:"Debug\p8.exe.intermediate.manifest" /MANIFESTUAC:"level='asInvoker' uiAccess='false'" /DEBUG /PDB:"c:\users\hp\documents\visual studio 2010\Projects\p8\Debug\p8.pdb" /SUBSYSTEM:CONSOLE /TLBID:1 /DYNAMICBASE /NXCOMPAT /IMPLIB:"c:\users\hp\documents\visual studio 2010\Projects\p8\Debug\p8.lib" /MACHINE:X86 Debug\p8.exe.embed.manifest.res
         Debug\main.obj
       Manifest:
         c:\Program Files (x86)\Microsoft SDKs\Windows\v7.0A\bin\mt.exe /nologo /verbose /out:"Debug\p8.exe.embed.manifest" /manifest Debug\p8.exe.intermediate.manifest
         All outputs are up-to-date.
       LinkEmbedManifest:
         All outputs are up-to-date.
         p8.vcxproj -> c:\users\hp\documents\visual studio 2010\Projects\p8\Debug\p8.exe
       FinalizeBuildStatus:
         Deleting file "Debug\p8.unsuccessfulbuild".
         Touching "Debug\p8.lastbuildstate".
     1>Done Building Project "c:\Users\HP\documents\visual studio 2010\Projects\p8\p8\p8.vcxproj" (build target(s)).

Build succeeded.

Time Elapsed 00:00:00.78
