Build started 4/29/2016 5:16:03 PM.
     1>Project "C:\Users\HP\Documents\Visual Studio 2010\Projects\databasetype\databasetype\databasetype.vcxproj" on node 2 (build target(s)).
     1>InitializeBuildStatus:
         Creating "Debug\databasetype.unsuccessfulbuild" because "AlwaysCreate" was specified.
       GenerateTargetFrameworkMonikerAttribute:
       Skipping target "GenerateTargetFrameworkMonikerAttribute" because all output files are up-to-date with respect to the input files.
       ClCompile:
         All outputs are up-to-date.
         c:\Program Files (x86)\Microsoft Visual Studio 10.0\VC\bin\CL.exe /c /AI"C:\Program Files (x86)\Reference Assemblies\Microsoft\Framework\.NETFramework\v4.0" /Zi /clr:pure /nologo /W3 /WX- /Od /Oy- /D WIN32 /D _DEBUG /D _UNICODE /D UNICODE /EHa /MDd /GS /fp:precise /Zc:wchar_t /Zc:forScope /Yu"StdAfx.h" /Fp"Debug\databasetype.pch" /Fo"Debug\\" /Fd"Debug\vc100.pdb" /TP /FU"C:\Program Files (x86)\MySQL\MySQL Connector Net 6.6.5\Assemblies\v4.0\MySql.Data.dll" /FU"C:\Program Files (x86)\Reference Assemblies\Microsoft\Framework\.NETFramework\v4.0\System.Core.dll" /FU"C:\Program Files (x86)\Reference Assemblies\Microsoft\Framework\.NETFramework\v4.0\System.Data.dll" /FU"C:\Program Files (x86)\Reference Assemblies\Microsoft\Framework\.NETFramework\v4.0\System.dll" /FU"C:\Program Files (x86)\Reference Assemblies\Microsoft\Framework\.NETFramework\v4.0\System.Drawing.dll" /FU"C:\Program Files (x86)\Reference Assemblies\Microsoft\Framework\.NETFramework\v4.0\System.Windows.Forms.dll" /FU"C:\Program Files (x86)\Reference Assemblies\Microsoft\Framework\.NETFramework\v4.0\System.Xml.dll" /analyze- /errorReport:prompt databasetype.cpp /clr:nostdlib 
         databasetype.cpp
         All outputs are up-to-date.
       CoreResGen:
         No resources are out of date with respect to their source files. Skipping resource generation.
       ResourceCompile:
         All outputs are up-to-date.
       Link:
         c:\Program Files (x86)\Microsoft Visual Studio 10.0\VC\bin\link.exe /ERRORREPORT:PROMPT /OUT:"C:\Users\HP\Documents\Visual Studio 2010\Projects\databasetype\Debug\databasetype.exe" /INCREMENTAL /NOLOGO /ASSEMBLYRESOURCE:Debug\databasetype.Form1.resources /MANIFEST /ManifestFile:"Debug\databasetype.exe.intermediate.manifest" /MANIFESTUAC:"level='asInvoker' uiAccess='false'" /DEBUG /PDB:"C:\Users\HP\Documents\Visual Studio 2010\Projects\databasetype\Debug\databasetype.pdb" /ASSEMBLYDEBUG /SUBSYSTEM:WINDOWS /TLBID:1 /ENTRY:"main" /DYNAMICBASE /FIXED:NO /NXCOMPAT /MACHINE:X86 Debug\app.res
         Debug\AssemblyInfo.obj
         Debug\databasetype.obj
         Debug\stdafx.obj
         "Debug\.NETFramework,Version=v4.0.AssemblyAttributes.obj"
         databasetype.vcxproj -> C:\Users\HP\Documents\Visual Studio 2010\Projects\databasetype\Debug\databasetype.exe
       Manifest:
         c:\Program Files (x86)\Microsoft SDKs\Windows\v7.0A\bin\mt.exe /nologo /verbose /outputresource:"C:\Users\HP\Documents\Visual Studio 2010\Projects\databasetype\Debug\databasetype.exe;#1" /manifest Debug\databasetype.exe.intermediate.manifest
       FinalizeBuildStatus:
         Deleting file "Debug\databasetype.unsuccessfulbuild".
         Touching "Debug\databasetype.lastbuildstate".
     1>Done Building Project "C:\Users\HP\Documents\Visual Studio 2010\Projects\databasetype\databasetype\databasetype.vcxproj" (build target(s)).

Build succeeded.

Time Elapsed 00:00:01.24
