C:\USERS\HP\DOCUMENTS\VISUAL STUDIO 2010\PROJECTS\LECT 1 OOP\PRACTICE\DEBUG\PRACTICE.EXE
C:\USERS\HP\DOCUMENTS\VISUAL STUDIO 2010\PROJECTS\LECT 1 OOP\PRACTICE\DEBUG\PRACTICE.ILK
C:\USERS\HP\DOCUMENTS\VISUAL STUDIO 2010\PROJECTS\LECT 1 OOP\PRACTICE\DEBUG\PRACTICE.PDB
C:\Users\HP\Documents\Visual Studio 2010\Projects\lect 1 oop\Practice\Practice\Debug\cl.command.1.tlog
C:\Users\HP\Documents\Visual Studio 2010\Projects\lect 1 oop\Practice\Practice\Debug\CL.read.1.tlog
C:\Users\HP\Documents\Visual Studio 2010\Projects\lect 1 oop\Practice\Practice\Debug\CL.write.1.tlog
C:\Users\HP\Documents\Visual Studio 2010\Projects\lect 1 oop\Practice\Practice\Debug\link.13516.read.1.tlog
C:\Users\HP\Documents\Visual Studio 2010\Projects\lect 1 oop\Practice\Practice\Debug\link.13516.write.1.tlog
C:\Users\HP\Documents\Visual Studio 2010\Projects\lect 1 oop\Practice\Practice\Debug\link.13516-cvtres.read.1.tlog
C:\Users\HP\Documents\Visual Studio 2010\Projects\lect 1 oop\Practice\Practice\Debug\link.13516-cvtres.write.1.tlog
C:\Users\HP\Documents\Visual Studio 2010\Projects\lect 1 oop\Practice\Practice\Debug\link.756.read.1.tlog
C:\Users\HP\Documents\Visual Studio 2010\Projects\lect 1 oop\Practice\Practice\Debug\link.756.write.1.tlog
C:\Users\HP\Documents\Visual Studio 2010\Projects\lect 1 oop\Practice\Practice\Debug\link.756-cvtres.read.1.tlog
C:\Users\HP\Documents\Visual Studio 2010\Projects\lect 1 oop\Practice\Practice\Debug\link.756-cvtres.write.1.tlog
C:\Users\HP\Documents\Visual Studio 2010\Projects\lect 1 oop\Practice\Practice\Debug\link.command.1.tlog
C:\Users\HP\Documents\Visual Studio 2010\Projects\lect 1 oop\Practice\Practice\Debug\link.read.1.tlog
C:\Users\HP\Documents\Visual Studio 2010\Projects\lect 1 oop\Practice\Practice\Debug\link.write.1.tlog
C:\Users\HP\Documents\Visual Studio 2010\Projects\lect 1 oop\Practice\Practice\Debug\link-cvtres.read.1.tlog
C:\Users\HP\Documents\Visual Studio 2010\Projects\lect 1 oop\Practice\Practice\Debug\link-cvtres.write.1.tlog
C:\USERS\HP\DOCUMENTS\VISUAL STUDIO 2010\PROJECTS\LECT 1 OOP\PRACTICE\PRACTICE\DEBUG\MAIN.OBJ
C:\Users\HP\Documents\Visual Studio 2010\Projects\lect 1 oop\Practice\Practice\Debug\mt.command.1.tlog
C:\Users\HP\Documents\Visual Studio 2010\Projects\lect 1 oop\Practice\Practice\Debug\mt.read.1.tlog
C:\Users\HP\Documents\Visual Studio 2010\Projects\lect 1 oop\Practice\Practice\Debug\mt.write.1.tlog
C:\USERS\HP\DOCUMENTS\VISUAL STUDIO 2010\PROJECTS\LECT 1 OOP\PRACTICE\PRACTICE\DEBUG\PRACTICE.EXE.EMBED.MANIFEST
C:\USERS\HP\DOCUMENTS\VISUAL STUDIO 2010\PROJECTS\LECT 1 OOP\PRACTICE\PRACTICE\DEBUG\PRACTICE.EXE.EMBED.MANIFEST.RES
C:\USERS\HP\DOCUMENTS\VISUAL STUDIO 2010\PROJECTS\LECT 1 OOP\PRACTICE\PRACTICE\DEBUG\PRACTICE.EXE.INTERMEDIATE.MANIFEST
C:\Users\HP\Documents\Visual Studio 2010\Projects\lect 1 oop\Practice\Practice\Debug\Practice.vcxprojResolveAssemblyReference.cache
C:\Users\HP\Documents\Visual Studio 2010\Projects\lect 1 oop\Practice\Practice\Debug\Practice.write.1.tlog
C:\Users\HP\Documents\Visual Studio 2010\Projects\lect 1 oop\Practice\Practice\Debug\Practice_manifest.rc
C:\Users\HP\Documents\Visual Studio 2010\Projects\lect 1 oop\Practice\Practice\Debug\rc.command.1.tlog
C:\Users\HP\Documents\Visual Studio 2010\Projects\lect 1 oop\Practice\Practice\Debug\rc.read.1.tlog
C:\Users\HP\Documents\Visual Studio 2010\Projects\lect 1 oop\Practice\Practice\Debug\rc.write.1.tlog
C:\Users\HP\Documents\Visual Studio 2010\Projects\lect 1 oop\Practice\Practice\Debug\vc100.idb
C:\USERS\HP\DOCUMENTS\VISUAL STUDIO 2010\PROJECTS\LECT 1 OOP\PRACTICE\PRACTICE\DEBUG\VC100.PDB
