Build started 3/18/2016 6:44:53 PM.
     1>Project "C:\Users\HP\Documents\Visual Studio 2010\Projects\lect 1 oop\Practice\Practice\Practice.vcxproj" on node 2 (rebuild target(s)).
     1>_PrepareForClean:
         Deleting file "Debug\Practice.lastbuildstate".
       InitializeBuildStatus:
         Creating "Debug\Practice.unsuccessfulbuild" because "AlwaysCreate" was specified.
       ClCompile:
         C:\Program Files (x86)\Microsoft Visual Studio 10.0\VC\bin\CL.exe /c /ZI /nologo /W3 /WX- /Od /Oy- /D WIN32 /D _DEBUG /D _CONSOLE /D _UNICODE /D UNICODE /Gm /EHsc /RTC1 /MDd /GS /fp:precise /Zc:wchar_t /Zc:forScope /Fo"Debug\\" /Fd"Debug\vc100.pdb" /Gd /TP /analyze- /errorReport:prompt main.cpp
         main.cpp
     1>c:\users\hp\documents\visual studio 2010\projects\lect 1 oop\practice\practice\main.cpp(28): warning C4996: 'getch': The POSIX name for this item is deprecated. Instead, use the ISO C++ conformant name: _getch. See online help for details.
                 c:\program files (x86)\microsoft visual studio 10.0\vc\include\conio.h(128) : see declaration of 'getch'
       ManifestResourceCompile:
         C:\Program Files (x86)\Microsoft SDKs\Windows\v7.0A\bin\rc.exe /nologo /fo"Debug\Practice.exe.embed.manifest.res" Debug\Practice_manifest.rc 
       Link:
         C:\Program Files (x86)\Microsoft Visual Studio 10.0\VC\bin\link.exe /ERRORREPORT:PROMPT /OUT:"C:\Users\HP\Documents\Visual Studio 2010\Projects\lect 1 oop\practice\Debug\Practice.exe" /INCREMENTAL /NOLOGO kernel32.lib user32.lib gdi32.lib winspool.lib comdlg32.lib advapi32.lib shell32.lib ole32.lib oleaut32.lib uuid.lib odbc32.lib odbccp32.lib /MANIFEST /ManifestFile:"Debug\Practice.exe.intermediate.manifest" /MANIFESTUAC:"level='asInvoker' uiAccess='false'" /DEBUG /PDB:"C:\Users\HP\Documents\Visual Studio 2010\Projects\lect 1 oop\practice\Debug\Practice.pdb" /SUBSYSTEM:CONSOLE /TLBID:1 /DYNAMICBASE /NXCOMPAT /IMPLIB:"C:\Users\HP\Documents\Visual Studio 2010\Projects\lect 1 oop\practice\Debug\Practice.lib" /MACHINE:X86 Debug\Practice.exe.embed.manifest.res
         Debug\main.obj
       Manifest:
         Deleting file "Debug\Practice.exe.embed.manifest".
         C:\Program Files (x86)\Microsoft SDKs\Windows\v7.0A\bin\mt.exe /nologo /verbose /out:"Debug\Practice.exe.embed.manifest" /manifest Debug\Practice.exe.intermediate.manifest
         C:\Program Files (x86)\Microsoft SDKs\Windows\v7.0A\bin\rc.exe /nologo /fo"Debug\Practice.exe.embed.manifest.res" Debug\Practice_manifest.rc 
       LinkEmbedManifest:
         C:\Program Files (x86)\Microsoft Visual Studio 10.0\VC\bin\link.exe /ERRORREPORT:PROMPT /OUT:"C:\Users\HP\Documents\Visual Studio 2010\Projects\lect 1 oop\practice\Debug\Practice.exe" /INCREMENTAL /NOLOGO kernel32.lib user32.lib gdi32.lib winspool.lib comdlg32.lib advapi32.lib shell32.lib ole32.lib oleaut32.lib uuid.lib odbc32.lib odbccp32.lib /MANIFEST /ManifestFile:"Debug\Practice.exe.intermediate.manifest" /MANIFESTUAC:"level='asInvoker' uiAccess='false'" /DEBUG /PDB:"C:\Users\HP\Documents\Visual Studio 2010\Projects\lect 1 oop\practice\Debug\Practice.pdb" /SUBSYSTEM:CONSOLE /TLBID:1 /DYNAMICBASE /NXCOMPAT /IMPLIB:"C:\Users\HP\Documents\Visual Studio 2010\Projects\lect 1 oop\practice\Debug\Practice.lib" /MACHINE:X86 Debug\Practice.exe.embed.manifest.res
         Debug\main.obj
         Practice.vcxproj -> C:\Users\HP\Documents\Visual Studio 2010\Projects\lect 1 oop\practice\Debug\Practice.exe
       FinalizeBuildStatus:
         Deleting file "Debug\Practice.unsuccessfulbuild".
         Touching "Debug\Practice.lastbuildstate".
     1>Done Building Project "C:\Users\HP\Documents\Visual Studio 2010\Projects\lect 1 oop\Practice\Practice\Practice.vcxproj" (rebuild target(s)).

Build succeeded.

Time Elapsed 00:00:01.16
