Build started 2/29/2016 1:35:11 AM.
     1>Project "C:\Users\HP\Documents\Visual Studio 2010\Projects\lect 1 oop\lect 1 oop\lect 1 oop\lect 1 oop.vcxproj" on node 2 (build target(s)).
     1>InitializeBuildStatus:
         Creating "Debug\lect 1 oop.unsuccessfulbuild" because "AlwaysCreate" was specified.
       ClCompile:
         C:\Program Files (x86)\Microsoft Visual Studio 10.0\VC\bin\CL.exe /c /ZI /nologo /W3 /WX- /Od /Oy- /D _MBCS /Gm /EHsc /RTC1 /MDd /GS /fp:precise /Zc:wchar_t /Zc:forScope /Fo"Debug\\" /Fd"Debug\vc100.pdb" /Gd /TP /analyze- /errorReport:prompt main.cpp
         main.cpp
     1>c:\users\hp\documents\visual studio 2010\projects\lect 1 oop\lect 1 oop\lect 1 oop\main.cpp(8): warning C4996: 'getch': The POSIX name for this item is deprecated. Instead, use the ISO C++ conformant name: _getch. See online help for details.
                 c:\program files (x86)\microsoft visual studio 10.0\vc\include\conio.h(128) : see declaration of 'getch'
       Link:
         C:\Program Files (x86)\Microsoft Visual Studio 10.0\VC\bin\link.exe /ERRORREPORT:PROMPT /OUT:"C:\Users\HP\Documents\Visual Studio 2010\Projects\lect 1 oop\lect 1 oop\Debug\lect 1 oop.exe" /NOLOGO kernel32.lib user32.lib gdi32.lib winspool.lib comdlg32.lib advapi32.lib shell32.lib ole32.lib oleaut32.lib uuid.lib odbc32.lib odbccp32.lib /MANIFEST /ManifestFile:"Debug\lect 1 oop.exe.intermediate.manifest" /MANIFESTUAC:"level='asInvoker' uiAccess='false'" /DEBUG /PDB:"C:\Users\HP\Documents\Visual Studio 2010\Projects\lect 1 oop\lect 1 oop\Debug\lect 1 oop.pdb" /TLBID:1 /DYNAMICBASE /NXCOMPAT /IMPLIB:"C:\Users\HP\Documents\Visual Studio 2010\Projects\lect 1 oop\lect 1 oop\Debug\lect 1 oop.lib" /MACHINE:X86 Debug\main.obj
         LINK : C:\Users\HP\Documents\Visual Studio 2010\Projects\lect 1 oop\lect 1 oop\Debug\lect 1 oop.exe not found or not built by the last incremental link; performing full link
         lect 1 oop.vcxproj -> C:\Users\HP\Documents\Visual Studio 2010\Projects\lect 1 oop\lect 1 oop\Debug\lect 1 oop.exe
       Manifest:
         C:\Program Files (x86)\Microsoft SDKs\Windows\v7.0A\bin\mt.exe /nologo /verbose /outputresource:"C:\Users\HP\Documents\Visual Studio 2010\Projects\lect 1 oop\lect 1 oop\Debug\lect 1 oop.exe;#1" /manifest "Debug\lect 1 oop.exe.intermediate.manifest"
       FinalizeBuildStatus:
         Deleting file "Debug\lect 1 oop.unsuccessfulbuild".
         Touching "Debug\lect 1 oop.lastbuildstate".
     1>Done Building Project "C:\Users\HP\Documents\Visual Studio 2010\Projects\lect 1 oop\lect 1 oop\lect 1 oop\lect 1 oop.vcxproj" (build target(s)).

Build succeeded.

Time Elapsed 00:00:00.69
