Build started 5/13/2016 6:55:29 AM.
     1>Project "c:\Users\HP\documents\visual studio 2010\Projects\showingintextbox\showingintextbox\showingintextbox.vcxproj" on node 2 (build target(s)).
     1>InitializeBuildStatus:
         Creating "Debug\showingintextbox.unsuccessfulbuild" because "AlwaysCreate" was specified.
       GenerateTargetFrameworkMonikerAttribute:
       Skipping target "GenerateTargetFrameworkMonikerAttribute" because all output files are up-to-date with respect to the input files.
       ClCompile:
         All outputs are up-to-date.
         c:\Program Files (x86)\Microsoft Visual Studio 10.0\VC\bin\CL.exe /c /AI"C:\Program Files (x86)\Reference Assemblies\Microsoft\Framework\.NETFramework\v4.0" /Zi /clr:pure /nologo /W3 /WX- /Od /Oy- /D WIN32 /D _DEBUG /D _UNICODE /D UNICODE /EHa /MDd /GS /fp:precise /Zc:wchar_t /Zc:forScope /Yu"StdAfx.h" /Fp"Debug\showingintextbox.pch" /Fo"Debug\\" /Fd"Debug\vc100.pdb" /TP /FU"C:\Program Files (x86)\MySQL\MySQL Connector Net 6.6.5\Assemblies\v4.0\MySql.Data.dll" /FU"C:\Program Files (x86)\Reference Assemblies\Microsoft\Framework\.NETFramework\v4.0\System.Core.dll" /FU"C:\Program Files (x86)\Reference Assemblies\Microsoft\Framework\.NETFramework\v4.0\System.Data.dll" /FU"C:\Program Files (x86)\Reference Assemblies\Microsoft\Framework\.NETFramework\v4.0\System.dll" /FU"C:\Program Files (x86)\Reference Assemblies\Microsoft\Framework\.NETFramework\v4.0\System.Drawing.dll" /FU"C:\Program Files (x86)\Reference Assemblies\Microsoft\Framework\.NETFramework\v4.0\System.Windows.Forms.dll" /FU"C:\Program Files (x86)\Reference Assemblies\Microsoft\Framework\.NETFramework\v4.0\System.Xml.dll" /analyze- /errorReport:prompt showingintextbox.cpp /clr:nostdlib 
         showingintextbox.cpp
         All outputs are up-to-date.
       CoreResGen:
         No resources are out of date with respect to their source files. Skipping resource generation.
       ResourceCompile:
         All outputs are up-to-date.
       Link:
         c:\Program Files (x86)\Microsoft Visual Studio 10.0\VC\bin\link.exe /ERRORREPORT:PROMPT /OUT:"c:\users\hp\documents\visual studio 2010\Projects\showingintextbox\Debug\showingintextbox.exe" /INCREMENTAL /NOLOGO /ASSEMBLYRESOURCE:Debug\showingintextbox.Form1.resources /MANIFEST /ManifestFile:"Debug\showingintextbox.exe.intermediate.manifest" /MANIFESTUAC:"level='asInvoker' uiAccess='false'" /DEBUG /PDB:"c:\users\hp\documents\visual studio 2010\Projects\showingintextbox\Debug\showingintextbox.pdb" /ASSEMBLYDEBUG /SUBSYSTEM:WINDOWS /TLBID:1 /ENTRY:"main" /DYNAMICBASE /FIXED:NO /NXCOMPAT /MACHINE:X86 Debug\app.res
         Debug\AssemblyInfo.obj
         Debug\showingintextbox.obj
         Debug\stdafx.obj
         "Debug\.NETFramework,Version=v4.0.AssemblyAttributes.obj"
         showingintextbox.vcxproj -> c:\users\hp\documents\visual studio 2010\Projects\showingintextbox\Debug\showingintextbox.exe
       Manifest:
         c:\Program Files (x86)\Microsoft SDKs\Windows\v7.0A\bin\mt.exe /nologo /verbose /outputresource:"c:\users\hp\documents\visual studio 2010\Projects\showingintextbox\Debug\showingintextbox.exe;#1" /manifest Debug\showingintextbox.exe.intermediate.manifest
       FinalizeBuildStatus:
         Deleting file "Debug\showingintextbox.unsuccessfulbuild".
         Touching "Debug\showingintextbox.lastbuildstate".
     1>Done Building Project "c:\Users\HP\documents\visual studio 2010\Projects\showingintextbox\showingintextbox\showingintextbox.vcxproj" (build target(s)).

Build succeeded.

Time Elapsed 00:00:01.06
