Build started 5/29/2016 11:33:40 PM.
     1>Project "C:\Users\HP\documents\visual studio 2010\Projects\descending\descending\descending.vcxproj" on node 2 (build target(s)).
     1>InitializeBuildStatus:
         Touching "Debug\descending.unsuccessfulbuild".
       ClCompile:
         c:\Program Files (x86)\Microsoft Visual Studio 10.0\VC\bin\CL.exe /c /ZI /nologo /W3 /WX- /Od /Oy- /D WIN32 /D _DEBUG /D _CONSOLE /D _UNICODE /D UNICODE /Gm /EHsc /RTC1 /MDd /GS /fp:precise /Zc:wchar_t /Zc:forScope /Fo"Debug\\" /Fd"Debug\vc100.pdb" /Gd /TP /analyze- /errorReport:prompt seu_s15_113_FarjadAli_Assg4.cpp
         seu_s15_113_FarjadAli_Assg4.cpp
       ManifestResourceCompile:
         All outputs are up-to-date.
       Link:
         c:\Program Files (x86)\Microsoft Visual Studio 10.0\VC\bin\link.exe /ERRORREPORT:PROMPT /OUT:"C:\Users\HP\documents\visual studio 2010\Projects\descending\Debug\descending.exe" /INCREMENTAL /NOLOGO kernel32.lib user32.lib gdi32.lib winspool.lib comdlg32.lib advapi32.lib shell32.lib ole32.lib oleaut32.lib uuid.lib odbc32.lib odbccp32.lib /MANIFEST /ManifestFile:"Debug\descending.exe.intermediate.manifest" /MANIFESTUAC:"level='asInvoker' uiAccess='false'" /DEBUG /PDB:"C:\Users\HP\documents\visual studio 2010\Projects\descending\Debug\descending.pdb" /SUBSYSTEM:CONSOLE /TLBID:1 /DYNAMICBASE /NXCOMPAT /IMPLIB:"C:\Users\HP\documents\visual studio 2010\Projects\descending\Debug\descending.lib" /MACHINE:X86 Debug\descending.exe.embed.manifest.res
         Debug\seu_s15_113_FarjadAli_Assg4.obj
       Manifest:
         c:\Program Files (x86)\Microsoft SDKs\Windows\v7.0A\bin\mt.exe /nologo /verbose /out:"Debug\descending.exe.embed.manifest" /manifest Debug\descending.exe.intermediate.manifest
         All outputs are up-to-date.
       LinkEmbedManifest:
         All outputs are up-to-date.
         descending.vcxproj -> C:\Users\HP\documents\visual studio 2010\Projects\descending\Debug\descending.exe
       FinalizeBuildStatus:
         Deleting file "Debug\descending.unsuccessfulbuild".
         Touching "Debug\descending.lastbuildstate".
     1>Done Building Project "C:\Users\HP\documents\visual studio 2010\Projects\descending\descending\descending.vcxproj" (build target(s)).

Build succeeded.

Time Elapsed 00:00:01.85
