Build started 2/29/2016 12:14:39 PM.
     1>Project "C:\Users\HP\Documents\Visual Studio 2010\Projects\lect 1 oop\pointer\pointer\pointer.vcxproj" on node 2 (build target(s)).
     1>PrepareForBuild:
         Creating directory "C:\Users\HP\Documents\Visual Studio 2010\Projects\lect 1 oop\pointer\Debug\".
       InitializeBuildStatus:
         Creating "Debug\pointer.unsuccessfulbuild" because "AlwaysCreate" was specified.
       ClCompile:
         C:\Program Files (x86)\Microsoft Visual Studio 10.0\VC\bin\CL.exe /c /ZI /nologo /W3 /WX- /Od /Oy- /D WIN32 /D _DEBUG /D _CONSOLE /D _UNICODE /D UNICODE /Gm /EHsc /RTC1 /MDd /GS /fp:precise /Zc:wchar_t /Zc:forScope /Fo"Debug\\" /Fd"Debug\vc100.pdb" /Gd /TP /analyze- /errorReport:prompt source.cpp
         source.cpp
     1>c:\users\hp\documents\visual studio 2010\projects\lect 1 oop\pointer\pointer\source.cpp(11): warning C4305: 'initializing' : truncation from 'double' to 'float'
     1>c:\users\hp\documents\visual studio 2010\projects\lect 1 oop\pointer\pointer\source.cpp(19): warning C4996: 'getch': The POSIX name for this item is deprecated. Instead, use the ISO C++ conformant name: _getch. See online help for details.
                 c:\program files (x86)\microsoft visual studio 10.0\vc\include\conio.h(128) : see declaration of 'getch'
       ManifestResourceCompile:
         C:\Program Files (x86)\Microsoft SDKs\Windows\v7.0A\bin\rc.exe /nologo /fo"Debug\pointer.exe.embed.manifest.res" Debug\pointer_manifest.rc 
       Link:
         C:\Program Files (x86)\Microsoft Visual Studio 10.0\VC\bin\link.exe /ERRORREPORT:PROMPT /OUT:"C:\Users\HP\Documents\Visual Studio 2010\Projects\lect 1 oop\pointer\Debug\pointer.exe" /INCREMENTAL /NOLOGO kernel32.lib user32.lib gdi32.lib winspool.lib comdlg32.lib advapi32.lib shell32.lib ole32.lib oleaut32.lib uuid.lib odbc32.lib odbccp32.lib /MANIFEST /ManifestFile:"Debug\pointer.exe.intermediate.manifest" /MANIFESTUAC:"level='asInvoker' uiAccess='false'" /DEBUG /PDB:"C:\Users\HP\Documents\Visual Studio 2010\Projects\lect 1 oop\pointer\Debug\pointer.pdb" /SUBSYSTEM:CONSOLE /TLBID:1 /DYNAMICBASE /NXCOMPAT /IMPLIB:"C:\Users\HP\Documents\Visual Studio 2010\Projects\lect 1 oop\pointer\Debug\pointer.lib" /MACHINE:X86 Debug\pointer.exe.embed.manifest.res
         Debug\source.obj
       Manifest:
         C:\Program Files (x86)\Microsoft SDKs\Windows\v7.0A\bin\mt.exe /nologo /verbose /out:"Debug\pointer.exe.embed.manifest" /manifest Debug\pointer.exe.intermediate.manifest
         C:\Program Files (x86)\Microsoft SDKs\Windows\v7.0A\bin\rc.exe /nologo /fo"Debug\pointer.exe.embed.manifest.res" Debug\pointer_manifest.rc 
       LinkEmbedManifest:
         C:\Program Files (x86)\Microsoft Visual Studio 10.0\VC\bin\link.exe /ERRORREPORT:PROMPT /OUT:"C:\Users\HP\Documents\Visual Studio 2010\Projects\lect 1 oop\pointer\Debug\pointer.exe" /INCREMENTAL /NOLOGO kernel32.lib user32.lib gdi32.lib winspool.lib comdlg32.lib advapi32.lib shell32.lib ole32.lib oleaut32.lib uuid.lib odbc32.lib odbccp32.lib /MANIFEST /ManifestFile:"Debug\pointer.exe.intermediate.manifest" /MANIFESTUAC:"level='asInvoker' uiAccess='false'" /DEBUG /PDB:"C:\Users\HP\Documents\Visual Studio 2010\Projects\lect 1 oop\pointer\Debug\pointer.pdb" /SUBSYSTEM:CONSOLE /TLBID:1 /DYNAMICBASE /NXCOMPAT /IMPLIB:"C:\Users\HP\Documents\Visual Studio 2010\Projects\lect 1 oop\pointer\Debug\pointer.lib" /MACHINE:X86 Debug\pointer.exe.embed.manifest.res
         Debug\source.obj
         pointer.vcxproj -> C:\Users\HP\Documents\Visual Studio 2010\Projects\lect 1 oop\pointer\Debug\pointer.exe
       FinalizeBuildStatus:
         Deleting file "Debug\pointer.unsuccessfulbuild".
         Touching "Debug\pointer.lastbuildstate".
     1>Done Building Project "C:\Users\HP\Documents\Visual Studio 2010\Projects\lect 1 oop\pointer\pointer\pointer.vcxproj" (build target(s)).

Build succeeded.

Time Elapsed 00:00:01.73
