C:\USERS\HP\DOCUMENTS\VISUAL STUDIO 2010\PROJECTS\PRGGASSG3_FARJADALI_QNO1\DEBUG\PRGGASSG3_FARJADALI_QNO1.EXE
C:\USERS\HP\DOCUMENTS\VISUAL STUDIO 2010\PROJECTS\PRGGASSG3_FARJADALI_QNO1\DEBUG\PRGGASSG3_FARJADALI_QNO1.ILK
C:\USERS\HP\DOCUMENTS\VISUAL STUDIO 2010\PROJECTS\PRGGASSG3_FARJADALI_QNO1\DEBUG\PRGGASSG3_FARJADALI_QNO1.PDB
C:\Users\HP\Documents\Visual Studio 2010\Projects\prggassg3_farjadali_qno1\prggassg3_farjadali_qno1\Debug\cl.command.1.tlog
C:\Users\HP\Documents\Visual Studio 2010\Projects\prggassg3_farjadali_qno1\prggassg3_farjadali_qno1\Debug\CL.read.1.tlog
C:\Users\HP\Documents\Visual Studio 2010\Projects\prggassg3_farjadali_qno1\prggassg3_farjadali_qno1\Debug\CL.write.1.tlog
C:\Users\HP\Documents\Visual Studio 2010\Projects\prggassg3_farjadali_qno1\prggassg3_farjadali_qno1\Debug\link.10140.read.1.tlog
C:\Users\HP\Documents\Visual Studio 2010\Projects\prggassg3_farjadali_qno1\prggassg3_farjadali_qno1\Debug\link.10140.write.1.tlog
C:\Users\HP\Documents\Visual Studio 2010\Projects\prggassg3_farjadali_qno1\prggassg3_farjadali_qno1\Debug\link.10140-cvtres.read.1.tlog
C:\Users\HP\Documents\Visual Studio 2010\Projects\prggassg3_farjadali_qno1\prggassg3_farjadali_qno1\Debug\link.10140-cvtres.write.1.tlog
C:\Users\HP\Documents\Visual Studio 2010\Projects\prggassg3_farjadali_qno1\prggassg3_farjadali_qno1\Debug\link.command.1.tlog
C:\Users\HP\Documents\Visual Studio 2010\Projects\prggassg3_farjadali_qno1\prggassg3_farjadali_qno1\Debug\link.read.1.tlog
C:\Users\HP\Documents\Visual Studio 2010\Projects\prggassg3_farjadali_qno1\prggassg3_farjadali_qno1\Debug\link.write.1.tlog
C:\Users\HP\Documents\Visual Studio 2010\Projects\prggassg3_farjadali_qno1\prggassg3_farjadali_qno1\Debug\link-cvtres.read.1.tlog
C:\Users\HP\Documents\Visual Studio 2010\Projects\prggassg3_farjadali_qno1\prggassg3_farjadali_qno1\Debug\link-cvtres.write.1.tlog
C:\USERS\HP\DOCUMENTS\VISUAL STUDIO 2010\PROJECTS\PRGGASSG3_FARJADALI_QNO1\PRGGASSG3_FARJADALI_QNO1\DEBUG\MAIN.OBJ
C:\Users\HP\Documents\Visual Studio 2010\Projects\prggassg3_farjadali_qno1\prggassg3_farjadali_qno1\Debug\mt.command.1.tlog
C:\Users\HP\Documents\Visual Studio 2010\Projects\prggassg3_farjadali_qno1\prggassg3_farjadali_qno1\Debug\mt.read.1.tlog
C:\Users\HP\Documents\Visual Studio 2010\Projects\prggassg3_farjadali_qno1\prggassg3_farjadali_qno1\Debug\mt.write.1.tlog
C:\USERS\HP\DOCUMENTS\VISUAL STUDIO 2010\PROJECTS\PRGGASSG3_FARJADALI_QNO1\PRGGASSG3_FARJADALI_QNO1\DEBUG\PRGGASSG3_FARJADALI_QNO1.EXE.EMBED.MANIFEST
C:\USERS\HP\DOCUMENTS\VISUAL STUDIO 2010\PROJECTS\PRGGASSG3_FARJADALI_QNO1\PRGGASSG3_FARJADALI_QNO1\DEBUG\PRGGASSG3_FARJADALI_QNO1.EXE.EMBED.MANIFEST.RES
C:\USERS\HP\DOCUMENTS\VISUAL STUDIO 2010\PROJECTS\PRGGASSG3_FARJADALI_QNO1\PRGGASSG3_FARJADALI_QNO1\DEBUG\PRGGASSG3_FARJADALI_QNO1.EXE.INTERMEDIATE.MANIFEST
C:\Users\HP\Documents\Visual Studio 2010\Projects\prggassg3_farjadali_qno1\prggassg3_farjadali_qno1\Debug\prggassg3_farjadali_qno1.vcxprojResolveAssemblyReference.cache
C:\Users\HP\Documents\Visual Studio 2010\Projects\prggassg3_farjadali_qno1\prggassg3_farjadali_qno1\Debug\prggassg3_farjadali_qno1.write.1.tlog
C:\Users\HP\Documents\Visual Studio 2010\Projects\prggassg3_farjadali_qno1\prggassg3_farjadali_qno1\Debug\prggassg3_farjadali_qno1_manifest.rc
C:\Users\HP\Documents\Visual Studio 2010\Projects\prggassg3_farjadali_qno1\prggassg3_farjadali_qno1\Debug\rc.command.1.tlog
C:\Users\HP\Documents\Visual Studio 2010\Projects\prggassg3_farjadali_qno1\prggassg3_farjadali_qno1\Debug\rc.read.1.tlog
C:\Users\HP\Documents\Visual Studio 2010\Projects\prggassg3_farjadali_qno1\prggassg3_farjadali_qno1\Debug\rc.write.1.tlog
C:\Users\HP\Documents\Visual Studio 2010\Projects\prggassg3_farjadali_qno1\prggassg3_farjadali_qno1\Debug\vc100.idb
C:\USERS\HP\DOCUMENTS\VISUAL STUDIO 2010\PROJECTS\PRGGASSG3_FARJADALI_QNO1\PRGGASSG3_FARJADALI_QNO1\DEBUG\VC100.PDB
