Build started 5/27/2016 4:44:04 PM.
     1>Project "c:\Users\HP\documents\visual studio 2010\Projects\aasssss\aasssss\aasssss.vcxproj" on node 2 (build target(s)).
     1>InitializeBuildStatus:
         Creating "Debug\aasssss.unsuccessfulbuild" because "AlwaysCreate" was specified.
       ClCompile:
         c:\Program Files (x86)\Microsoft Visual Studio 10.0\VC\bin\CL.exe /c /ZI /nologo /W3 /WX- /Od /Oy- /D WIN32 /D _DEBUG /D _CONSOLE /D _UNICODE /D UNICODE /Gm /EHsc /RTC1 /MDd /GS /fp:precise /Zc:wchar_t /Zc:forScope /Fo"Debug\\" /Fd"Debug\vc100.pdb" /Gd /TP /analyze- /errorReport:prompt main.cpp
         main.cpp
     1>c:\users\hp\documents\visual studio 2010\projects\aasssss\aasssss\main.cpp(33): warning C4244: 'return' : conversion from 'double' to 'int', possible loss of data
       ManifestResourceCompile:
         All outputs are up-to-date.
       Link:
         c:\Program Files (x86)\Microsoft Visual Studio 10.0\VC\bin\link.exe /ERRORREPORT:PROMPT /OUT:"c:\users\hp\documents\visual studio 2010\Projects\aasssss\Debug\aasssss.exe" /INCREMENTAL /NOLOGO kernel32.lib user32.lib gdi32.lib winspool.lib comdlg32.lib advapi32.lib shell32.lib ole32.lib oleaut32.lib uuid.lib odbc32.lib odbccp32.lib /MANIFEST /ManifestFile:"Debug\aasssss.exe.intermediate.manifest" /MANIFESTUAC:"level='asInvoker' uiAccess='false'" /DEBUG /PDB:"c:\users\hp\documents\visual studio 2010\Projects\aasssss\Debug\aasssss.pdb" /SUBSYSTEM:CONSOLE /TLBID:1 /DYNAMICBASE /NXCOMPAT /IMPLIB:"c:\users\hp\documents\visual studio 2010\Projects\aasssss\Debug\aasssss.lib" /MACHINE:X86 Debug\aasssss.exe.embed.manifest.res
         Debug\main.obj
       Manifest:
         c:\Program Files (x86)\Microsoft SDKs\Windows\v7.0A\bin\mt.exe /nologo /verbose /out:"Debug\aasssss.exe.embed.manifest" /manifest Debug\aasssss.exe.intermediate.manifest
         All outputs are up-to-date.
       LinkEmbedManifest:
         All outputs are up-to-date.
         aasssss.vcxproj -> c:\users\hp\documents\visual studio 2010\Projects\aasssss\Debug\aasssss.exe
       FinalizeBuildStatus:
         Deleting file "Debug\aasssss.unsuccessfulbuild".
         Touching "Debug\aasssss.lastbuildstate".
     1>Done Building Project "c:\Users\HP\documents\visual studio 2010\Projects\aasssss\aasssss\aasssss.vcxproj" (build target(s)).

Build succeeded.

Time Elapsed 00:00:01.20
