Build started 4/14/2016 10:33:07 PM.
     1>Project "D:\3rd Semester\oop\projects\Projects\lect3-oop\lect3-oop\lect3-oop.vcxproj" on node 2 (build target(s)).
     1>InitializeBuildStatus:
         Creating "Debug\lect3-oop.unsuccessfulbuild" because "AlwaysCreate" was specified.
       ClCompile:
         c:\Program Files (x86)\Microsoft Visual Studio 10.0\VC\bin\CL.exe /c /ZI /nologo /W3 /WX- /Od /Oy- /D WIN32 /D _DEBUG /D _CONSOLE /D _UNICODE /D UNICODE /Gm /EHsc /RTC1 /MDd /GS /fp:precise /Zc:wchar_t /Zc:forScope /Fo"Debug\\" /Fd"Debug\vc100.pdb" /Gd /TP /analyze- /errorReport:prompt "lect3-oop.cpp"
         lect3-oop.cpp
     1>d:\3rd semester\oop\projects\projects\lect3-oop\lect3-oop\lect3-oop.cpp(29): warning C4996: 'getch': The POSIX name for this item is deprecated. Instead, use the ISO C++ conformant name: _getch. See online help for details.
                 c:\program files (x86)\microsoft visual studio 10.0\vc\include\conio.h(128) : see declaration of 'getch'
       ManifestResourceCompile:
         c:\Program Files (x86)\Microsoft SDKs\Windows\v7.0A\bin\rc.exe /nologo /fo"Debug\lect3-oop.exe.embed.manifest.res" Debug\lect3-oop_manifest.rc 
       Link:
         c:\Program Files (x86)\Microsoft Visual Studio 10.0\VC\bin\link.exe /ERRORREPORT:PROMPT /OUT:"D:\3rd Semester\oop\projects\Projects\lect3-oop\Debug\lect3-oop.exe" /INCREMENTAL /NOLOGO kernel32.lib user32.lib gdi32.lib winspool.lib comdlg32.lib advapi32.lib shell32.lib ole32.lib oleaut32.lib uuid.lib odbc32.lib odbccp32.lib /MANIFEST /ManifestFile:"Debug\lect3-oop.exe.intermediate.manifest" /MANIFESTUAC:"level='asInvoker' uiAccess='false'" /DEBUG /PDB:"D:\3rd Semester\oop\projects\Projects\lect3-oop\Debug\lect3-oop.pdb" /SUBSYSTEM:CONSOLE /TLBID:1 /DYNAMICBASE /NXCOMPAT /IMPLIB:"D:\3rd Semester\oop\projects\Projects\lect3-oop\Debug\lect3-oop.lib" /MACHINE:X86 "Debug\lect3-oop.exe.embed.manifest.res"
         "Debug\lect3-oop.obj"
       Manifest:
         c:\Program Files (x86)\Microsoft SDKs\Windows\v7.0A\bin\mt.exe /nologo /verbose /out:"Debug\lect3-oop.exe.embed.manifest" /manifest "Debug\lect3-oop.exe.intermediate.manifest"
         All outputs are up-to-date.
       LinkEmbedManifest:
         All outputs are up-to-date.
         lect3-oop.vcxproj -> D:\3rd Semester\oop\projects\Projects\lect3-oop\Debug\lect3-oop.exe
       FinalizeBuildStatus:
         Deleting file "Debug\lect3-oop.unsuccessfulbuild".
         Touching "Debug\lect3-oop.lastbuildstate".
     1>Done Building Project "D:\3rd Semester\oop\projects\Projects\lect3-oop\lect3-oop\lect3-oop.vcxproj" (build target(s)).

Build succeeded.

Time Elapsed 00:00:03.15
