C:\USERS\HP\DOCUMENTS\VISUAL STUDIO 2010\PROJECTS\ASSIGNMENTRE\ASSIGNMENTRE\DEBUG\.NETFRAMEWORK,VERSION=V4.0.ASSEMBLYATTRIBUTES.OBJ
C:\USERS\HP\DOCUMENTS\VISUAL STUDIO 2010\PROJECTS\ASSIGNMENTRE\ASSIGNMENTRE\DEBUG\APP.RES
C:\USERS\HP\DOCUMENTS\VISUAL STUDIO 2010\PROJECTS\ASSIGNMENTRE\ASSIGNMENTRE\DEBUG\ASSEMBLYINFO.OBJ
C:\USERS\HP\DOCUMENTS\VISUAL STUDIO 2010\PROJECTS\ASSIGNMENTRE\ASSIGNMENTRE\DEBUG\ASSIGNMENTRE.EXE.INTERMEDIATE.MANIFEST
C:\Users\HP\Documents\Visual Studio 2010\Projects\assignmentre\assignmentre\Debug\assignmentre.form.resources
C:\Users\HP\Documents\Visual Studio 2010\Projects\assignmentre\assignmentre\Debug\assignmentre.Form1.resources
C:\USERS\HP\DOCUMENTS\VISUAL STUDIO 2010\PROJECTS\ASSIGNMENTRE\ASSIGNMENTRE\DEBUG\ASSIGNMENTRE.OBJ
C:\USERS\HP\DOCUMENTS\VISUAL STUDIO 2010\PROJECTS\ASSIGNMENTRE\ASSIGNMENTRE\DEBUG\ASSIGNMENTRE.PCH
C:\Users\HP\Documents\Visual Studio 2010\Projects\assignmentre\assignmentre\Debug\assignmentre.vcxproj.GenerateResource.Cache
C:\Users\HP\Documents\Visual Studio 2010\Projects\assignmentre\assignmentre\Debug\assignmentre.vcxprojResolveAssemblyReference.cache
C:\Users\HP\Documents\Visual Studio 2010\Projects\assignmentre\assignmentre\Debug\assignmentre.write.1.tlog
C:\USERS\HP\DOCUMENTS\VISUAL STUDIO 2010\PROJECTS\ASSIGNMENTRE\ASSIGNMENTRE\DEBUG\ASSIGNMENTRE2.OBJ
C:\Users\HP\Documents\Visual Studio 2010\Projects\assignmentre\assignmentre\Debug\cl.command.1.tlog
C:\Users\HP\Documents\Visual Studio 2010\Projects\assignmentre\assignmentre\Debug\CL.read.1.tlog
C:\Users\HP\Documents\Visual Studio 2010\Projects\assignmentre\assignmentre\Debug\CL.write.1.tlog
C:\USERS\HP\DOCUMENTS\VISUAL STUDIO 2010\PROJECTS\ASSIGNMENTRE\ASSIGNMENTRE\DEBUG\FORM.OBJ
C:\Users\HP\Documents\Visual Studio 2010\Projects\assignmentre\assignmentre\Debug\link.11020.read.1.tlog
C:\Users\HP\Documents\Visual Studio 2010\Projects\assignmentre\assignmentre\Debug\link.11020.write.1.tlog
C:\Users\HP\Documents\Visual Studio 2010\Projects\assignmentre\assignmentre\Debug\link.11020-cvtres.read.1.tlog
C:\Users\HP\Documents\Visual Studio 2010\Projects\assignmentre\assignmentre\Debug\link.11020-cvtres.write.1.tlog
C:\Users\HP\Documents\Visual Studio 2010\Projects\assignmentre\assignmentre\Debug\link.11344.read.1.tlog
C:\Users\HP\Documents\Visual Studio 2010\Projects\assignmentre\assignmentre\Debug\link.11344.write.1.tlog
C:\Users\HP\Documents\Visual Studio 2010\Projects\assignmentre\assignmentre\Debug\link.11344-cvtres.read.1.tlog
C:\Users\HP\Documents\Visual Studio 2010\Projects\assignmentre\assignmentre\Debug\link.11344-cvtres.write.1.tlog
C:\Users\HP\Documents\Visual Studio 2010\Projects\assignmentre\assignmentre\Debug\link.17992.read.1.tlog
C:\Users\HP\Documents\Visual Studio 2010\Projects\assignmentre\assignmentre\Debug\link.17992.write.1.tlog
C:\Users\HP\Documents\Visual Studio 2010\Projects\assignmentre\assignmentre\Debug\link.17992-cvtres.read.1.tlog
C:\Users\HP\Documents\Visual Studio 2010\Projects\assignmentre\assignmentre\Debug\link.17992-cvtres.write.1.tlog
C:\Users\HP\Documents\Visual Studio 2010\Projects\assignmentre\assignmentre\Debug\link.22008.read.1.tlog
C:\Users\HP\Documents\Visual Studio 2010\Projects\assignmentre\assignmentre\Debug\link.22008.write.1.tlog
C:\Users\HP\Documents\Visual Studio 2010\Projects\assignmentre\assignmentre\Debug\link.22008-cvtres.read.1.tlog
C:\Users\HP\Documents\Visual Studio 2010\Projects\assignmentre\assignmentre\Debug\link.22008-cvtres.write.1.tlog
C:\Users\HP\Documents\Visual Studio 2010\Projects\assignmentre\assignmentre\Debug\link.22092.read.1.tlog
C:\Users\HP\Documents\Visual Studio 2010\Projects\assignmentre\assignmentre\Debug\link.22092.write.1.tlog
C:\Users\HP\Documents\Visual Studio 2010\Projects\assignmentre\assignmentre\Debug\link.22092-cvtres.read.1.tlog
C:\Users\HP\Documents\Visual Studio 2010\Projects\assignmentre\assignmentre\Debug\link.22092-cvtres.write.1.tlog
C:\Users\HP\Documents\Visual Studio 2010\Projects\assignmentre\assignmentre\Debug\link.28932.read.1.tlog
C:\Users\HP\Documents\Visual Studio 2010\Projects\assignmentre\assignmentre\Debug\link.28932.write.1.tlog
C:\Users\HP\Documents\Visual Studio 2010\Projects\assignmentre\assignmentre\Debug\link.28932-cvtres.read.1.tlog
C:\Users\HP\Documents\Visual Studio 2010\Projects\assignmentre\assignmentre\Debug\link.28932-cvtres.write.1.tlog
C:\Users\HP\Documents\Visual Studio 2010\Projects\assignmentre\assignmentre\Debug\link.32652.read.1.tlog
C:\Users\HP\Documents\Visual Studio 2010\Projects\assignmentre\assignmentre\Debug\link.32652.write.1.tlog
C:\Users\HP\Documents\Visual Studio 2010\Projects\assignmentre\assignmentre\Debug\link.32652-cvtres.read.1.tlog
C:\Users\HP\Documents\Visual Studio 2010\Projects\assignmentre\assignmentre\Debug\link.32652-cvtres.write.1.tlog
C:\Users\HP\Documents\Visual Studio 2010\Projects\assignmentre\assignmentre\Debug\link.38332.read.1.tlog
C:\Users\HP\Documents\Visual Studio 2010\Projects\assignmentre\assignmentre\Debug\link.38332.write.1.tlog
C:\Users\HP\Documents\Visual Studio 2010\Projects\assignmentre\assignmentre\Debug\link.38332-cvtres.read.1.tlog
C:\Users\HP\Documents\Visual Studio 2010\Projects\assignmentre\assignmentre\Debug\link.38332-cvtres.write.1.tlog
C:\Users\HP\Documents\Visual Studio 2010\Projects\assignmentre\assignmentre\Debug\link.40316.read.1.tlog
C:\Users\HP\Documents\Visual Studio 2010\Projects\assignmentre\assignmentre\Debug\link.40316.write.1.tlog
C:\Users\HP\Documents\Visual Studio 2010\Projects\assignmentre\assignmentre\Debug\link.40316-cvtres.read.1.tlog
C:\Users\HP\Documents\Visual Studio 2010\Projects\assignmentre\assignmentre\Debug\link.40316-cvtres.write.1.tlog
C:\Users\HP\Documents\Visual Studio 2010\Projects\assignmentre\assignmentre\Debug\link.42988.read.1.tlog
C:\Users\HP\Documents\Visual Studio 2010\Projects\assignmentre\assignmentre\Debug\link.42988.write.1.tlog
C:\Users\HP\Documents\Visual Studio 2010\Projects\assignmentre\assignmentre\Debug\link.42988-cvtres.read.1.tlog
C:\Users\HP\Documents\Visual Studio 2010\Projects\assignmentre\assignmentre\Debug\link.42988-cvtres.write.1.tlog
C:\Users\HP\Documents\Visual Studio 2010\Projects\assignmentre\assignmentre\Debug\link.43544.read.1.tlog
C:\Users\HP\Documents\Visual Studio 2010\Projects\assignmentre\assignmentre\Debug\link.43544.write.1.tlog
C:\Users\HP\Documents\Visual Studio 2010\Projects\assignmentre\assignmentre\Debug\link.43544-cvtres.read.1.tlog
C:\Users\HP\Documents\Visual Studio 2010\Projects\assignmentre\assignmentre\Debug\link.43544-cvtres.write.1.tlog
C:\Users\HP\Documents\Visual Studio 2010\Projects\assignmentre\assignmentre\Debug\link.46592.read.1.tlog
C:\Users\HP\Documents\Visual Studio 2010\Projects\assignmentre\assignmentre\Debug\link.46592.write.1.tlog
C:\Users\HP\Documents\Visual Studio 2010\Projects\assignmentre\assignmentre\Debug\link.46592-cvtres.read.1.tlog
C:\Users\HP\Documents\Visual Studio 2010\Projects\assignmentre\assignmentre\Debug\link.46592-cvtres.write.1.tlog
C:\Users\HP\Documents\Visual Studio 2010\Projects\assignmentre\assignmentre\Debug\link.47520.read.1.tlog
C:\Users\HP\Documents\Visual Studio 2010\Projects\assignmentre\assignmentre\Debug\link.47520.write.1.tlog
C:\Users\HP\Documents\Visual Studio 2010\Projects\assignmentre\assignmentre\Debug\link.47520-cvtres.read.1.tlog
C:\Users\HP\Documents\Visual Studio 2010\Projects\assignmentre\assignmentre\Debug\link.47520-cvtres.write.1.tlog
C:\Users\HP\Documents\Visual Studio 2010\Projects\assignmentre\assignmentre\Debug\link.56032.read.1.tlog
C:\Users\HP\Documents\Visual Studio 2010\Projects\assignmentre\assignmentre\Debug\link.56032.write.1.tlog
C:\Users\HP\Documents\Visual Studio 2010\Projects\assignmentre\assignmentre\Debug\link.56032-cvtres.read.1.tlog
C:\Users\HP\Documents\Visual Studio 2010\Projects\assignmentre\assignmentre\Debug\link.56032-cvtres.write.1.tlog
C:\Users\HP\Documents\Visual Studio 2010\Projects\assignmentre\assignmentre\Debug\link.60536.read.1.tlog
C:\Users\HP\Documents\Visual Studio 2010\Projects\assignmentre\assignmentre\Debug\link.60536.write.1.tlog
C:\Users\HP\Documents\Visual Studio 2010\Projects\assignmentre\assignmentre\Debug\link.60536-cvtres.read.1.tlog
C:\Users\HP\Documents\Visual Studio 2010\Projects\assignmentre\assignmentre\Debug\link.60536-cvtres.write.1.tlog
C:\Users\HP\Documents\Visual Studio 2010\Projects\assignmentre\assignmentre\Debug\link.61708.read.1.tlog
C:\Users\HP\Documents\Visual Studio 2010\Projects\assignmentre\assignmentre\Debug\link.61708.write.1.tlog
C:\Users\HP\Documents\Visual Studio 2010\Projects\assignmentre\assignmentre\Debug\link.61708-cvtres.read.1.tlog
C:\Users\HP\Documents\Visual Studio 2010\Projects\assignmentre\assignmentre\Debug\link.61708-cvtres.write.1.tlog
C:\Users\HP\Documents\Visual Studio 2010\Projects\assignmentre\assignmentre\Debug\link.64896.read.1.tlog
C:\Users\HP\Documents\Visual Studio 2010\Projects\assignmentre\assignmentre\Debug\link.64896.write.1.tlog
C:\Users\HP\Documents\Visual Studio 2010\Projects\assignmentre\assignmentre\Debug\link.64896-cvtres.read.1.tlog
C:\Users\HP\Documents\Visual Studio 2010\Projects\assignmentre\assignmentre\Debug\link.64896-cvtres.write.1.tlog
C:\Users\HP\Documents\Visual Studio 2010\Projects\assignmentre\assignmentre\Debug\link.65264.read.1.tlog
C:\Users\HP\Documents\Visual Studio 2010\Projects\assignmentre\assignmentre\Debug\link.65264.write.1.tlog
C:\Users\HP\Documents\Visual Studio 2010\Projects\assignmentre\assignmentre\Debug\link.65264-cvtres.read.1.tlog
C:\Users\HP\Documents\Visual Studio 2010\Projects\assignmentre\assignmentre\Debug\link.65264-cvtres.write.1.tlog
C:\Users\HP\Documents\Visual Studio 2010\Projects\assignmentre\assignmentre\Debug\link.65636.read.1.tlog
C:\Users\HP\Documents\Visual Studio 2010\Projects\assignmentre\assignmentre\Debug\link.65636.write.1.tlog
C:\Users\HP\Documents\Visual Studio 2010\Projects\assignmentre\assignmentre\Debug\link.65636-cvtres.read.1.tlog
C:\Users\HP\Documents\Visual Studio 2010\Projects\assignmentre\assignmentre\Debug\link.65636-cvtres.write.1.tlog
C:\Users\HP\Documents\Visual Studio 2010\Projects\assignmentre\assignmentre\Debug\link.66384.read.1.tlog
C:\Users\HP\Documents\Visual Studio 2010\Projects\assignmentre\assignmentre\Debug\link.66384.write.1.tlog
C:\Users\HP\Documents\Visual Studio 2010\Projects\assignmentre\assignmentre\Debug\link.66384-cvtres.read.1.tlog
C:\Users\HP\Documents\Visual Studio 2010\Projects\assignmentre\assignmentre\Debug\link.66384-cvtres.write.1.tlog
C:\Users\HP\Documents\Visual Studio 2010\Projects\assignmentre\assignmentre\Debug\link.71496.read.1.tlog
C:\Users\HP\Documents\Visual Studio 2010\Projects\assignmentre\assignmentre\Debug\link.71496.write.1.tlog
C:\Users\HP\Documents\Visual Studio 2010\Projects\assignmentre\assignmentre\Debug\link.71496-cvtres.read.1.tlog
C:\Users\HP\Documents\Visual Studio 2010\Projects\assignmentre\assignmentre\Debug\link.71496-cvtres.write.1.tlog
C:\Users\HP\Documents\Visual Studio 2010\Projects\assignmentre\assignmentre\Debug\link.73168.read.1.tlog
C:\Users\HP\Documents\Visual Studio 2010\Projects\assignmentre\assignmentre\Debug\link.73168.write.1.tlog
C:\Users\HP\Documents\Visual Studio 2010\Projects\assignmentre\assignmentre\Debug\link.73168-cvtres.read.1.tlog
C:\Users\HP\Documents\Visual Studio 2010\Projects\assignmentre\assignmentre\Debug\link.73168-cvtres.write.1.tlog
C:\Users\HP\Documents\Visual Studio 2010\Projects\assignmentre\assignmentre\Debug\link.74252.read.1.tlog
C:\Users\HP\Documents\Visual Studio 2010\Projects\assignmentre\assignmentre\Debug\link.74252.write.1.tlog
C:\Users\HP\Documents\Visual Studio 2010\Projects\assignmentre\assignmentre\Debug\link.74252-cvtres.read.1.tlog
C:\Users\HP\Documents\Visual Studio 2010\Projects\assignmentre\assignmentre\Debug\link.74252-cvtres.write.1.tlog
C:\Users\HP\Documents\Visual Studio 2010\Projects\assignmentre\assignmentre\Debug\link.command.1.tlog
C:\Users\HP\Documents\Visual Studio 2010\Projects\assignmentre\assignmentre\Debug\link.read.1.tlog
C:\Users\HP\Documents\Visual Studio 2010\Projects\assignmentre\assignmentre\Debug\link.write.1.tlog
C:\Users\HP\Documents\Visual Studio 2010\Projects\assignmentre\assignmentre\Debug\mt.command.1.tlog
C:\Users\HP\Documents\Visual Studio 2010\Projects\assignmentre\assignmentre\Debug\mt.read.1.tlog
C:\Users\HP\Documents\Visual Studio 2010\Projects\assignmentre\assignmentre\Debug\mt.write.1.tlog
C:\Users\HP\Documents\Visual Studio 2010\Projects\assignmentre\assignmentre\Debug\rc.command.1.tlog
C:\Users\HP\Documents\Visual Studio 2010\Projects\assignmentre\assignmentre\Debug\rc.read.1.tlog
C:\Users\HP\Documents\Visual Studio 2010\Projects\assignmentre\assignmentre\Debug\rc.write.1.tlog
C:\USERS\HP\DOCUMENTS\VISUAL STUDIO 2010\PROJECTS\ASSIGNMENTRE\ASSIGNMENTRE\DEBUG\STDAFX.OBJ
C:\USERS\HP\DOCUMENTS\VISUAL STUDIO 2010\PROJECTS\ASSIGNMENTRE\ASSIGNMENTRE\DEBUG\VC100.PDB
C:\USERS\HP\DOCUMENTS\VISUAL STUDIO 2010\PROJECTS\ASSIGNMENTRE\DEBUG\ASSIGNMENTRE.EXE
C:\USERS\HP\DOCUMENTS\VISUAL STUDIO 2010\PROJECTS\ASSIGNMENTRE\DEBUG\ASSIGNMENTRE.ILK
C:\USERS\HP\DOCUMENTS\VISUAL STUDIO 2010\PROJECTS\ASSIGNMENTRE\DEBUG\ASSIGNMENTRE.PDB
