C:\USERS\HP\DOCUMENTS\VISUAL STUDIO 2010\PROJECTS\PROGRESSBAR\DEBUG\PROGRESSBAR.EXE
C:\USERS\HP\DOCUMENTS\VISUAL STUDIO 2010\PROJECTS\PROGRESSBAR\DEBUG\PROGRESSBAR.ILK
C:\USERS\HP\DOCUMENTS\VISUAL STUDIO 2010\PROJECTS\PROGRESSBAR\DEBUG\PROGRESSBAR.PDB
C:\USERS\HP\DOCUMENTS\VISUAL STUDIO 2010\PROJECTS\PROGRESSBAR\PROGRESSBAR\DEBUG\.NETFRAMEWORK,VERSION=V4.0.ASSEMBLYATTRIBUTES.OBJ
C:\USERS\HP\DOCUMENTS\VISUAL STUDIO 2010\PROJECTS\PROGRESSBAR\PROGRESSBAR\DEBUG\APP.RES
C:\USERS\HP\DOCUMENTS\VISUAL STUDIO 2010\PROJECTS\PROGRESSBAR\PROGRESSBAR\DEBUG\ASSEMBLYINFO.OBJ
c:\Users\HP\documents\visual studio 2010\Projects\progressbar\progressbar\Debug\cl.command.1.tlog
c:\Users\HP\documents\visual studio 2010\Projects\progressbar\progressbar\Debug\CL.read.1.tlog
c:\Users\HP\documents\visual studio 2010\Projects\progressbar\progressbar\Debug\CL.write.1.tlog
c:\Users\HP\documents\visual studio 2010\Projects\progressbar\progressbar\Debug\link.3040.read.1.tlog
c:\Users\HP\documents\visual studio 2010\Projects\progressbar\progressbar\Debug\link.3040.write.1.tlog
c:\Users\HP\documents\visual studio 2010\Projects\progressbar\progressbar\Debug\link.3040-cvtres.read.1.tlog
c:\Users\HP\documents\visual studio 2010\Projects\progressbar\progressbar\Debug\link.3040-cvtres.write.1.tlog
c:\Users\HP\documents\visual studio 2010\Projects\progressbar\progressbar\Debug\link.32008.read.1.tlog
c:\Users\HP\documents\visual studio 2010\Projects\progressbar\progressbar\Debug\link.32008.write.1.tlog
c:\Users\HP\documents\visual studio 2010\Projects\progressbar\progressbar\Debug\link.32008-cvtres.read.1.tlog
c:\Users\HP\documents\visual studio 2010\Projects\progressbar\progressbar\Debug\link.32008-cvtres.write.1.tlog
c:\Users\HP\documents\visual studio 2010\Projects\progressbar\progressbar\Debug\link.35176.read.1.tlog
c:\Users\HP\documents\visual studio 2010\Projects\progressbar\progressbar\Debug\link.35176.write.1.tlog
c:\Users\HP\documents\visual studio 2010\Projects\progressbar\progressbar\Debug\link.35176-cvtres.read.1.tlog
c:\Users\HP\documents\visual studio 2010\Projects\progressbar\progressbar\Debug\link.35176-cvtres.write.1.tlog
c:\Users\HP\documents\visual studio 2010\Projects\progressbar\progressbar\Debug\link.35916.read.1.tlog
c:\Users\HP\documents\visual studio 2010\Projects\progressbar\progressbar\Debug\link.35916.write.1.tlog
c:\Users\HP\documents\visual studio 2010\Projects\progressbar\progressbar\Debug\link.35916-cvtres.read.1.tlog
c:\Users\HP\documents\visual studio 2010\Projects\progressbar\progressbar\Debug\link.35916-cvtres.write.1.tlog
c:\Users\HP\documents\visual studio 2010\Projects\progressbar\progressbar\Debug\link.41568.read.1.tlog
c:\Users\HP\documents\visual studio 2010\Projects\progressbar\progressbar\Debug\link.41568.write.1.tlog
c:\Users\HP\documents\visual studio 2010\Projects\progressbar\progressbar\Debug\link.41568-cvtres.read.1.tlog
c:\Users\HP\documents\visual studio 2010\Projects\progressbar\progressbar\Debug\link.41568-cvtres.write.1.tlog
c:\Users\HP\documents\visual studio 2010\Projects\progressbar\progressbar\Debug\link.53968.read.1.tlog
c:\Users\HP\documents\visual studio 2010\Projects\progressbar\progressbar\Debug\link.53968.write.1.tlog
c:\Users\HP\documents\visual studio 2010\Projects\progressbar\progressbar\Debug\link.53968-cvtres.read.1.tlog
c:\Users\HP\documents\visual studio 2010\Projects\progressbar\progressbar\Debug\link.53968-cvtres.write.1.tlog
c:\Users\HP\documents\visual studio 2010\Projects\progressbar\progressbar\Debug\link.56576.read.1.tlog
c:\Users\HP\documents\visual studio 2010\Projects\progressbar\progressbar\Debug\link.56576.write.1.tlog
c:\Users\HP\documents\visual studio 2010\Projects\progressbar\progressbar\Debug\link.56576-cvtres.read.1.tlog
c:\Users\HP\documents\visual studio 2010\Projects\progressbar\progressbar\Debug\link.56576-cvtres.write.1.tlog
c:\Users\HP\documents\visual studio 2010\Projects\progressbar\progressbar\Debug\link.58364.read.1.tlog
c:\Users\HP\documents\visual studio 2010\Projects\progressbar\progressbar\Debug\link.58364.write.1.tlog
c:\Users\HP\documents\visual studio 2010\Projects\progressbar\progressbar\Debug\link.58364-cvtres.read.1.tlog
c:\Users\HP\documents\visual studio 2010\Projects\progressbar\progressbar\Debug\link.58364-cvtres.write.1.tlog
c:\Users\HP\documents\visual studio 2010\Projects\progressbar\progressbar\Debug\link.62780.read.1.tlog
c:\Users\HP\documents\visual studio 2010\Projects\progressbar\progressbar\Debug\link.62780.write.1.tlog
c:\Users\HP\documents\visual studio 2010\Projects\progressbar\progressbar\Debug\link.62780-cvtres.read.1.tlog
c:\Users\HP\documents\visual studio 2010\Projects\progressbar\progressbar\Debug\link.62780-cvtres.write.1.tlog
c:\Users\HP\documents\visual studio 2010\Projects\progressbar\progressbar\Debug\link.71920.read.1.tlog
c:\Users\HP\documents\visual studio 2010\Projects\progressbar\progressbar\Debug\link.71920.write.1.tlog
c:\Users\HP\documents\visual studio 2010\Projects\progressbar\progressbar\Debug\link.71920-cvtres.read.1.tlog
c:\Users\HP\documents\visual studio 2010\Projects\progressbar\progressbar\Debug\link.71920-cvtres.write.1.tlog
c:\Users\HP\documents\visual studio 2010\Projects\progressbar\progressbar\Debug\link.8004.read.1.tlog
c:\Users\HP\documents\visual studio 2010\Projects\progressbar\progressbar\Debug\link.8004.write.1.tlog
c:\Users\HP\documents\visual studio 2010\Projects\progressbar\progressbar\Debug\link.8004-cvtres.read.1.tlog
c:\Users\HP\documents\visual studio 2010\Projects\progressbar\progressbar\Debug\link.8004-cvtres.write.1.tlog
c:\Users\HP\documents\visual studio 2010\Projects\progressbar\progressbar\Debug\link.command.1.tlog
c:\Users\HP\documents\visual studio 2010\Projects\progressbar\progressbar\Debug\link.read.1.tlog
c:\Users\HP\documents\visual studio 2010\Projects\progressbar\progressbar\Debug\link.write.1.tlog
c:\Users\HP\documents\visual studio 2010\Projects\progressbar\progressbar\Debug\mt.command.1.tlog
c:\Users\HP\documents\visual studio 2010\Projects\progressbar\progressbar\Debug\mt.read.1.tlog
c:\Users\HP\documents\visual studio 2010\Projects\progressbar\progressbar\Debug\mt.write.1.tlog
C:\USERS\HP\DOCUMENTS\VISUAL STUDIO 2010\PROJECTS\PROGRESSBAR\PROGRESSBAR\DEBUG\PROGRESSBAR.EXE.INTERMEDIATE.MANIFEST
c:\Users\HP\documents\visual studio 2010\Projects\progressbar\progressbar\Debug\progressbar.Form1.resources
C:\USERS\HP\DOCUMENTS\VISUAL STUDIO 2010\PROJECTS\PROGRESSBAR\PROGRESSBAR\DEBUG\PROGRESSBAR.OBJ
C:\USERS\HP\DOCUMENTS\VISUAL STUDIO 2010\PROJECTS\PROGRESSBAR\PROGRESSBAR\DEBUG\PROGRESSBAR.PCH
c:\Users\HP\documents\visual studio 2010\Projects\progressbar\progressbar\Debug\progressbar.vcxproj.GenerateResource.Cache
c:\Users\HP\documents\visual studio 2010\Projects\progressbar\progressbar\Debug\progressbar.vcxprojResolveAssemblyReference.cache
c:\Users\HP\documents\visual studio 2010\Projects\progressbar\progressbar\Debug\progressbar.write.1.tlog
c:\Users\HP\documents\visual studio 2010\Projects\progressbar\progressbar\Debug\rc.command.1.tlog
c:\Users\HP\documents\visual studio 2010\Projects\progressbar\progressbar\Debug\rc.read.1.tlog
c:\Users\HP\documents\visual studio 2010\Projects\progressbar\progressbar\Debug\rc.write.1.tlog
C:\USERS\HP\DOCUMENTS\VISUAL STUDIO 2010\PROJECTS\PROGRESSBAR\PROGRESSBAR\DEBUG\STDAFX.OBJ
C:\USERS\HP\DOCUMENTS\VISUAL STUDIO 2010\PROJECTS\PROGRESSBAR\PROGRESSBAR\DEBUG\VC100.PDB
