C:\USERS\HP\DOCUMENTS\VISUAL STUDIO 2010\PROJECTS\QUIZ1\DEBUG\QUIZ1.EXE
C:\USERS\HP\DOCUMENTS\VISUAL STUDIO 2010\PROJECTS\QUIZ1\DEBUG\QUIZ1.ILK
C:\USERS\HP\DOCUMENTS\VISUAL STUDIO 2010\PROJECTS\QUIZ1\DEBUG\QUIZ1.PDB
C:\Users\HP\documents\visual studio 2010\Projects\quiz1\quiz1\Debug\cl.command.1.tlog
C:\Users\HP\documents\visual studio 2010\Projects\quiz1\quiz1\Debug\CL.read.1.tlog
C:\Users\HP\documents\visual studio 2010\Projects\quiz1\quiz1\Debug\CL.write.1.tlog
C:\Users\HP\documents\visual studio 2010\Projects\quiz1\quiz1\Debug\link.11740.read.1.tlog
C:\Users\HP\documents\visual studio 2010\Projects\quiz1\quiz1\Debug\link.11740.write.1.tlog
C:\Users\HP\documents\visual studio 2010\Projects\quiz1\quiz1\Debug\link.11740-cvtres.read.1.tlog
C:\Users\HP\documents\visual studio 2010\Projects\quiz1\quiz1\Debug\link.11740-cvtres.write.1.tlog
C:\Users\HP\documents\visual studio 2010\Projects\quiz1\quiz1\Debug\link.command.1.tlog
C:\Users\HP\documents\visual studio 2010\Projects\quiz1\quiz1\Debug\link.read.1.tlog
C:\Users\HP\documents\visual studio 2010\Projects\quiz1\quiz1\Debug\link.write.1.tlog
C:\Users\HP\documents\visual studio 2010\Projects\quiz1\quiz1\Debug\link-cvtres.read.1.tlog
C:\Users\HP\documents\visual studio 2010\Projects\quiz1\quiz1\Debug\link-cvtres.write.1.tlog
C:\USERS\HP\DOCUMENTS\VISUAL STUDIO 2010\PROJECTS\QUIZ1\QUIZ1\DEBUG\MAIN.OBJ
C:\Users\HP\documents\visual studio 2010\Projects\quiz1\quiz1\Debug\mt.command.1.tlog
C:\Users\HP\documents\visual studio 2010\Projects\quiz1\quiz1\Debug\mt.read.1.tlog
C:\Users\HP\documents\visual studio 2010\Projects\quiz1\quiz1\Debug\mt.write.1.tlog
C:\USERS\HP\DOCUMENTS\VISUAL STUDIO 2010\PROJECTS\QUIZ1\QUIZ1\DEBUG\QUIZ1.EXE.EMBED.MANIFEST
C:\USERS\HP\DOCUMENTS\VISUAL STUDIO 2010\PROJECTS\QUIZ1\QUIZ1\DEBUG\QUIZ1.EXE.EMBED.MANIFEST.RES
C:\USERS\HP\DOCUMENTS\VISUAL STUDIO 2010\PROJECTS\QUIZ1\QUIZ1\DEBUG\QUIZ1.EXE.INTERMEDIATE.MANIFEST
C:\Users\HP\documents\visual studio 2010\Projects\quiz1\quiz1\Debug\quiz1.write.1.tlog
C:\Users\HP\documents\visual studio 2010\Projects\quiz1\quiz1\Debug\quiz1_manifest.rc
C:\Users\HP\documents\visual studio 2010\Projects\quiz1\quiz1\Debug\rc.command.1.tlog
C:\Users\HP\documents\visual studio 2010\Projects\quiz1\quiz1\Debug\rc.read.1.tlog
C:\Users\HP\documents\visual studio 2010\Projects\quiz1\quiz1\Debug\rc.write.1.tlog
C:\Users\HP\documents\visual studio 2010\Projects\quiz1\quiz1\Debug\vc100.idb
C:\USERS\HP\DOCUMENTS\VISUAL STUDIO 2010\PROJECTS\QUIZ1\QUIZ1\DEBUG\VC100.PDB
