Build started 4/3/2016 2:38:11 AM.
     1>Project "C:\Users\HP\documents\visual studio 2010\Projects\quiz1\quiz1\quiz1.vcxproj" on node 2 (build target(s)).
     1>InitializeBuildStatus:
         Creating "Debug\quiz1.unsuccessfulbuild" because "AlwaysCreate" was specified.
       ClCompile:
         C:\Program Files (x86)\Microsoft Visual Studio 10.0\VC\bin\CL.exe /c /ZI /nologo /W3 /WX- /Od /Oy- /D WIN32 /D _DEBUG /D _CONSOLE /D _UNICODE /D UNICODE /Gm /EHsc /RTC1 /MDd /GS /fp:precise /Zc:wchar_t /Zc:forScope /Fo"Debug\\" /Fd"Debug\vc100.pdb" /Gd /TP /analyze- /errorReport:prompt main.cpp
         main.cpp
     1>c:\users\hp\documents\visual studio 2010\projects\quiz1\quiz1\main.cpp(37): warning C4996: 'getch': The POSIX name for this item is deprecated. Instead, use the ISO C++ conformant name: _getch. See online help for details.
                 c:\program files (x86)\microsoft visual studio 10.0\vc\include\conio.h(128) : see declaration of 'getch'
       ManifestResourceCompile:
         All outputs are up-to-date.
       Link:
         C:\Program Files (x86)\Microsoft Visual Studio 10.0\VC\bin\link.exe /ERRORREPORT:PROMPT /OUT:"C:\Users\HP\documents\visual studio 2010\Projects\quiz1\Debug\quiz1.exe" /INCREMENTAL /NOLOGO kernel32.lib user32.lib gdi32.lib winspool.lib comdlg32.lib advapi32.lib shell32.lib ole32.lib oleaut32.lib uuid.lib odbc32.lib odbccp32.lib /MANIFEST /ManifestFile:"Debug\quiz1.exe.intermediate.manifest" /MANIFESTUAC:"level='asInvoker' uiAccess='false'" /DEBUG /PDB:"C:\Users\HP\documents\visual studio 2010\Projects\quiz1\Debug\quiz1.pdb" /SUBSYSTEM:CONSOLE /TLBID:1 /DYNAMICBASE /NXCOMPAT /IMPLIB:"C:\Users\HP\documents\visual studio 2010\Projects\quiz1\Debug\quiz1.lib" /MACHINE:X86 Debug\quiz1.exe.embed.manifest.res
         Debug\main.obj
       Manifest:
         C:\Program Files (x86)\Microsoft SDKs\Windows\v7.0A\bin\mt.exe /nologo /verbose /out:"Debug\quiz1.exe.embed.manifest" /manifest Debug\quiz1.exe.intermediate.manifest
         All outputs are up-to-date.
       LinkEmbedManifest:
         All outputs are up-to-date.
         quiz1.vcxproj -> C:\Users\HP\documents\visual studio 2010\Projects\quiz1\Debug\quiz1.exe
       FinalizeBuildStatus:
         Deleting file "Debug\quiz1.unsuccessfulbuild".
         Touching "Debug\quiz1.lastbuildstate".
     1>Done Building Project "C:\Users\HP\documents\visual studio 2010\Projects\quiz1\quiz1\quiz1.vcxproj" (build target(s)).

Build succeeded.

Time Elapsed 00:00:00.76
