Build started 5/6/2016 3:07:40 PM.
     1>Project "c:\Users\HP\documents\visual studio 2010\Projects\shape2\shape2\shape2.vcxproj" on node 2 (build target(s)).
     1>InitializeBuildStatus:
         Creating "Debug\shape2.unsuccessfulbuild" because "AlwaysCreate" was specified.
       ClCompile:
         c:\Program Files (x86)\Microsoft Visual Studio 10.0\VC\bin\CL.exe /c /ZI /nologo /W3 /WX- /Od /Oy- /D WIN32 /D _DEBUG /D _CONSOLE /D _UNICODE /D UNICODE /Gm /EHsc /RTC1 /MDd /GS /fp:precise /Zc:wchar_t /Zc:forScope /Fo"Debug\\" /Fd"Debug\vc100.pdb" /Gd /TP /analyze- /errorReport:prompt shape12.cpp
         shape12.cpp
       ManifestResourceCompile:
         All outputs are up-to-date.
       Link:
         c:\Program Files (x86)\Microsoft Visual Studio 10.0\VC\bin\link.exe /ERRORREPORT:PROMPT /OUT:"c:\users\hp\documents\visual studio 2010\Projects\shape2\Debug\shape2.exe" /INCREMENTAL /NOLOGO kernel32.lib user32.lib gdi32.lib winspool.lib comdlg32.lib advapi32.lib shell32.lib ole32.lib oleaut32.lib uuid.lib odbc32.lib odbccp32.lib /MANIFEST /ManifestFile:"Debug\shape2.exe.intermediate.manifest" /MANIFESTUAC:"level='asInvoker' uiAccess='false'" /DEBUG /PDB:"c:\users\hp\documents\visual studio 2010\Projects\shape2\Debug\shape2.pdb" /SUBSYSTEM:CONSOLE /TLBID:1 /DYNAMICBASE /NXCOMPAT /IMPLIB:"c:\users\hp\documents\visual studio 2010\Projects\shape2\Debug\shape2.lib" /MACHINE:X86 Debug\shape2.exe.embed.manifest.res
         Debug\shape12.obj
       Manifest:
         c:\Program Files (x86)\Microsoft SDKs\Windows\v7.0A\bin\mt.exe /nologo /verbose /out:"Debug\shape2.exe.embed.manifest" /manifest Debug\shape2.exe.intermediate.manifest
         All outputs are up-to-date.
       LinkEmbedManifest:
         All outputs are up-to-date.
         shape2.vcxproj -> c:\users\hp\documents\visual studio 2010\Projects\shape2\Debug\shape2.exe
       FinalizeBuildStatus:
         Deleting file "Debug\shape2.unsuccessfulbuild".
         Touching "Debug\shape2.lastbuildstate".
     1>Done Building Project "c:\Users\HP\documents\visual studio 2010\Projects\shape2\shape2\shape2.vcxproj" (build target(s)).

Build succeeded.

Time Elapsed 00:00:00.86
