Build started 6/18/2016 2:41:50 AM.
     1>Project "C:\Users\HP\documents\visual studio 2010\Projects\p6\p6\p6.vcxproj" on node 2 (build target(s)).
     1>InitializeBuildStatus:
         Touching "Debug\p6.unsuccessfulbuild".
       ClCompile:
         c:\Program Files (x86)\Microsoft Visual Studio 10.0\VC\bin\CL.exe /c /ZI /nologo /W3 /WX- /Od /Oy- /D WIN32 /D _DEBUG /D _CONSOLE /D _UNICODE /D UNICODE /Gm /EHsc /RTC1 /MDd /GS /fp:precise /Zc:wchar_t /Zc:forScope /Fo"Debug\\" /Fd"Debug\vc100.pdb" /Gd /TP /analyze- /errorReport:prompt main.cpp
         main.cpp
     1>c:\users\hp\documents\visual studio 2010\projects\p6\p6\main.cpp(26): warning C4244: 'return' : conversion from 'double' to 'int', possible loss of data
       ManifestResourceCompile:
         All outputs are up-to-date.
       Link:
         c:\Program Files (x86)\Microsoft Visual Studio 10.0\VC\bin\link.exe /ERRORREPORT:PROMPT /OUT:"C:\Users\HP\documents\visual studio 2010\Projects\p6\Debug\p6.exe" /INCREMENTAL /NOLOGO kernel32.lib user32.lib gdi32.lib winspool.lib comdlg32.lib advapi32.lib shell32.lib ole32.lib oleaut32.lib uuid.lib odbc32.lib odbccp32.lib /MANIFEST /ManifestFile:"Debug\p6.exe.intermediate.manifest" /MANIFESTUAC:"level='asInvoker' uiAccess='false'" /DEBUG /PDB:"C:\Users\HP\documents\visual studio 2010\Projects\p6\Debug\p6.pdb" /SUBSYSTEM:CONSOLE /TLBID:1 /DYNAMICBASE /NXCOMPAT /IMPLIB:"C:\Users\HP\documents\visual studio 2010\Projects\p6\Debug\p6.lib" /MACHINE:X86 Debug\p6.exe.embed.manifest.res
         Debug\main.obj
       Manifest:
         c:\Program Files (x86)\Microsoft SDKs\Windows\v7.0A\bin\mt.exe /nologo /verbose /out:"Debug\p6.exe.embed.manifest" /manifest Debug\p6.exe.intermediate.manifest
         All outputs are up-to-date.
       LinkEmbedManifest:
         All outputs are up-to-date.
         p6.vcxproj -> C:\Users\HP\documents\visual studio 2010\Projects\p6\Debug\p6.exe
       FinalizeBuildStatus:
         Deleting file "Debug\p6.unsuccessfulbuild".
         Touching "Debug\p6.lastbuildstate".
     1>Done Building Project "C:\Users\HP\documents\visual studio 2010\Projects\p6\p6\p6.vcxproj" (build target(s)).

Build succeeded.

Time Elapsed 00:00:00.77
